{"uid":"8e9e96ec1740db3c","name":"test_search_customer[search_data0-chrome]","fullName":"tests.test_search_product#test_search_customer","historyId":"f5e2e08b6d0c6b388390ad0d51c14598","time":{"start":1761073325594,"stop":1761073358050,"duration":32456},"status":"broken","statusMessage":"selenium.common.exceptions.TimeoutException: Message:","statusTrace":"driver = <selenium.webdriver.chrome.webdriver.WebDriver (session=\"01821c3501411737673776dbac653e2c\")>\nsearch_data = {'product': 'bottle'}\n\n    @pytest.mark.parametrize(\"driver\", browsers, indirect=True)\n    @pytest.mark.parametrize(\"search_data\", get_data(\"data/Complete_Test_Data/search_data.xlsx\"))\n    @allure.feature(\"Search Page\")\n    def test_search_customer(driver, search_data):\n        driver.get(\"https://market99.com/\")\n        search_page = SearchPage(driver)\n        time.sleep(2)\n        product_name = search_data[\"product\"]\n    \n        search_page.open_search()\n        search_page.search_product(product_name)\n        time.sleep(2)\n        current_url = driver.current_url\n        assert \"search\" in current_url, f\"'search' not found in URL: {current_url}\"\n        assert product_name in current_url, f\"'{product_name}' not found in URL: {current_url}\"\n    \n        search_page.get_result(product_name)\n        time.sleep(2)\n        current_url = driver.current_url\n        assert \"products\" in current_url, f\"'products' not found in URL: {current_url}\"\n        assert product_name in current_url, f\"'{product_name}' not found in URL: {current_url}\"\n    \n        search_page.copy_code()\n        search_page.paste_code()\n    \n        quantity_query = 6\n        time.sleep(2)\n>       search_page.add_product_to_cart(str(quantity_query))\n\ntests/test_search_product.py:37: \n_ _ _ _ _ _ _ _ _ _ _ _ _ _ _ _ _ _ _ _ _ _ _ _ _ _ _ _ _ _ _ _ _ _ _ _ _ _ _ _ \npage_objects/search_page.py:37: in add_product_to_cart\n    self.cart_dropdown(self.QUANTITY_INPUT, quantity_locator)\npage_objects/base_page.py:14: in cart_dropdown\n    dropdown_toggle = self.wait.until(EC.element_to_be_clickable(by_locator))\n                      ^^^^^^^^^^^^^^^^^^^^^^^^^^^^^^^^^^^^^^^^^^^^^^^^^^^^^^^\n_ _ _ _ _ _ _ _ _ _ _ _ _ _ _ _ _ _ _ _ _ _ _ _ _ _ _ _ _ _ _ _ _ _ _ _ _ _ _ _ \n\nself = <selenium.webdriver.support.wait.WebDriverWait (session=\"01821c3501411737673776dbac653e2c\")>\nmethod = <function element_to_be_clickable.<locals>._predicate at 0x7f309656ac00>\nmessage = ''\n\n    def until(self, method: Callable[[D], Union[Literal[False], T]], message: str = \"\") -> T:\n        \"\"\"Wait until the method returns a value that is not False.\n    \n        Calls the method provided with the driver as an argument until the\n        return value does not evaluate to ``False``.\n    \n        Parameters:\n        -----------\n        method: callable(WebDriver)\n            - A callable object that takes a WebDriver instance as an argument.\n    \n        message: str\n            - Optional message for :exc:`TimeoutException`\n    \n        Return:\n        -------\n        object: T\n            - The result of the last call to `method`\n    \n        Raises:\n        -------\n        TimeoutException\n            - If 'method' does not return a truthy value within the WebDriverWait\n            object's timeout\n    \n        Example:\n        --------\n        >>> from selenium.webdriver.common.by import By\n        >>> from selenium.webdriver.support.ui import WebDriverWait\n        >>> from selenium.webdriver.support import expected_conditions as EC\n    \n        # Wait until an element is visible on the page\n        >>> wait = WebDriverWait(driver, 10)\n        >>> element = wait.until(EC.visibility_of_element_located((By.ID, \"exampleId\")))\n        >>> print(element.text)\n        \"\"\"\n        screen = None\n        stacktrace = None\n    \n        end_time = time.monotonic() + self._timeout\n        while True:\n            try:\n                value = method(self._driver)\n                if value:\n                    return value\n            except self._ignored_exceptions as exc:\n                screen = getattr(exc, \"screen\", None)\n                stacktrace = getattr(exc, \"stacktrace\", None)\n            if time.monotonic() > end_time:\n                break\n            time.sleep(self._poll)\n>       raise TimeoutException(message, screen, stacktrace)\nE       selenium.common.exceptions.TimeoutException: Message:\n\n/opt/hostedtoolcache/Python/3.11.13/x64/lib/python3.11/site-packages/selenium/webdriver/support/wait.py:138: TimeoutException","flaky":false,"newFailed":false,"newBroken":false,"newPassed":false,"retriesCount":0,"retriesStatusChange":false,"beforeStages":[{"name":"driver","time":{"start":1761073317884,"stop":1761073325593,"duration":7709},"status":"passed","steps":[],"attachments":[],"parameters":[],"shouldDisplayMessage":false,"stepsCount":0,"attachmentsCount":0,"hasContent":false,"attachmentStep":false}],"testStage":{"status":"broken","statusMessage":"selenium.common.exceptions.TimeoutException: Message:","statusTrace":"driver = <selenium.webdriver.chrome.webdriver.WebDriver (session=\"01821c3501411737673776dbac653e2c\")>\nsearch_data = {'product': 'bottle'}\n\n    @pytest.mark.parametrize(\"driver\", browsers, indirect=True)\n    @pytest.mark.parametrize(\"search_data\", get_data(\"data/Complete_Test_Data/search_data.xlsx\"))\n    @allure.feature(\"Search Page\")\n    def test_search_customer(driver, search_data):\n        driver.get(\"https://market99.com/\")\n        search_page = SearchPage(driver)\n        time.sleep(2)\n        product_name = search_data[\"product\"]\n    \n        search_page.open_search()\n        search_page.search_product(product_name)\n        time.sleep(2)\n        current_url = driver.current_url\n        assert \"search\" in current_url, f\"'search' not found in URL: {current_url}\"\n        assert product_name in current_url, f\"'{product_name}' not found in URL: {current_url}\"\n    \n        search_page.get_result(product_name)\n        time.sleep(2)\n        current_url = driver.current_url\n        assert \"products\" in current_url, f\"'products' not found in URL: {current_url}\"\n        assert product_name in current_url, f\"'{product_name}' not found in URL: {current_url}\"\n    \n        search_page.copy_code()\n        search_page.paste_code()\n    \n        quantity_query = 6\n        time.sleep(2)\n>       search_page.add_product_to_cart(str(quantity_query))\n\ntests/test_search_product.py:37: \n_ _ _ _ _ _ _ _ _ _ _ _ _ _ _ _ _ _ _ _ _ _ _ _ _ _ _ _ _ _ _ _ _ _ _ _ _ _ _ _ \npage_objects/search_page.py:37: in add_product_to_cart\n    self.cart_dropdown(self.QUANTITY_INPUT, quantity_locator)\npage_objects/base_page.py:14: in cart_dropdown\n    dropdown_toggle = self.wait.until(EC.element_to_be_clickable(by_locator))\n                      ^^^^^^^^^^^^^^^^^^^^^^^^^^^^^^^^^^^^^^^^^^^^^^^^^^^^^^^\n_ _ _ _ _ _ _ _ _ _ _ _ _ _ _ _ _ _ _ _ _ _ _ _ _ _ _ _ _ _ _ _ _ _ _ _ _ _ _ _ \n\nself = <selenium.webdriver.support.wait.WebDriverWait (session=\"01821c3501411737673776dbac653e2c\")>\nmethod = <function element_to_be_clickable.<locals>._predicate at 0x7f309656ac00>\nmessage = ''\n\n    def until(self, method: Callable[[D], Union[Literal[False], T]], message: str = \"\") -> T:\n        \"\"\"Wait until the method returns a value that is not False.\n    \n        Calls the method provided with the driver as an argument until the\n        return value does not evaluate to ``False``.\n    \n        Parameters:\n        -----------\n        method: callable(WebDriver)\n            - A callable object that takes a WebDriver instance as an argument.\n    \n        message: str\n            - Optional message for :exc:`TimeoutException`\n    \n        Return:\n        -------\n        object: T\n            - The result of the last call to `method`\n    \n        Raises:\n        -------\n        TimeoutException\n            - If 'method' does not return a truthy value within the WebDriverWait\n            object's timeout\n    \n        Example:\n        --------\n        >>> from selenium.webdriver.common.by import By\n        >>> from selenium.webdriver.support.ui import WebDriverWait\n        >>> from selenium.webdriver.support import expected_conditions as EC\n    \n        # Wait until an element is visible on the page\n        >>> wait = WebDriverWait(driver, 10)\n        >>> element = wait.until(EC.visibility_of_element_located((By.ID, \"exampleId\")))\n        >>> print(element.text)\n        \"\"\"\n        screen = None\n        stacktrace = None\n    \n        end_time = time.monotonic() + self._timeout\n        while True:\n            try:\n                value = method(self._driver)\n                if value:\n                    return value\n            except self._ignored_exceptions as exc:\n                screen = getattr(exc, \"screen\", None)\n                stacktrace = getattr(exc, \"stacktrace\", None)\n            if time.monotonic() > end_time:\n                break\n            time.sleep(self._poll)\n>       raise TimeoutException(message, screen, stacktrace)\nE       selenium.common.exceptions.TimeoutException: Message:\n\n/opt/hostedtoolcache/Python/3.11.13/x64/lib/python3.11/site-packages/selenium/webdriver/support/wait.py:138: TimeoutException","steps":[],"attachments":[{"uid":"5c6c81bedc0fcbb2","name":"screenshot","source":"5c6c81bedc0fcbb2.png","type":"image/png","size":324558}],"parameters":[],"shouldDisplayMessage":true,"stepsCount":0,"attachmentsCount":1,"hasContent":true,"attachmentStep":false},"afterStages":[{"name":"driver::0","time":{"start":1761073358537,"stop":1761073359613,"duration":1076},"status":"passed","steps":[],"attachments":[],"parameters":[],"shouldDisplayMessage":false,"stepsCount":0,"attachmentsCount":0,"hasContent":false,"attachmentStep":false}],"labels":[{"name":"feature","value":"Search Page"},{"name":"parentSuite","value":"tests"},{"name":"suite","value":"test_search_product"},{"name":"host","value":"runnervmwhb2z"},{"name":"thread","value":"2030-MainThread"},{"name":"framework","value":"pytest"},{"name":"language","value":"cpython3"},{"name":"package","value":"tests.test_search_product"},{"name":"resultFormat","value":"allure2"}],"parameters":[{"name":"driver","value":"'chrome'"},{"name":"search_data","value":"{'product': 'bottle'}"}],"links":[],"hidden":false,"retry":false,"extra":{"severity":"normal","retries":[],"categories":[{"name":"Test defects","matchedStatuses":[],"flaky":false}],"tags":[]},"source":"8e9e96ec1740db3c.json","parameterValues":["'chrome'","{'product': 'bottle'}"]}